/*C1*/SET SCHEMA SYSTEM_LOBS
INSERT INTO BLOCKS VALUES(0,2147483647,0)
COMMIT
/*C2*/SET SCHEMA PUBLIC
drop table persons if exists
create table persons (name varchar(100) not null, image varchar(100),status varchar(100),sex varchar(1), age integer, state varchar(3))
INSERT INTO PERSONS VALUES('Alice','alice.jpg','Accountant at RMIT','F',44,'VIC')
COMMIT
INSERT INTO PERSONS VALUES('James','jms.png','Lawyer','M',48,'VIC')
COMMIT
INSERT INTO PERSONS VALUES('Mike','mk.jpg','Student','M',10,'VIC')
COMMIT
INSERT INTO PERSONS VALUES('Ronald','ron.gif','Carpenter','M',28,'NSW')
COMMIT
INSERT INTO PERSONS VALUES('Ben','ben.png','School Teacher','M',36,'WA')
COMMIT
INSERT INTO PERSONS VALUES('Marie','','','F',34,'WA')
COMMIT
INSERT INTO PERSONS VALUES('Steve','st.jpg','','M',12,'WA')
COMMIT
INSERT INTO PERSONS VALUES('Sam','jsm.jpg','','F',44,'VIC')
COMMIT
INSERT INTO PERSONS VALUES('Anne','an.jpg','','F',37,'VIC')
COMMIT
INSERT INTO PERSONS VALUES('Marcus','','','M',2,'VIC')
COMMIT
DISCONNECT
/*C3*/SET SCHEMA PUBLIC
drop table persons if exists
create table persons (name varchar(100) not null, image varchar(100),status varchar(100),sex varchar(1), age integer, state varchar(3))
INSERT INTO PERSONS VALUES('Alice','alice.jpg','Accountant at RMIT','F',44,'VIC')
COMMIT
INSERT INTO PERSONS VALUES('James','jms.png','Lawyer','M',48,'VIC')
COMMIT
INSERT INTO PERSONS VALUES('Mike','mk.jpg','Student','M',10,'VIC')
COMMIT
INSERT INTO PERSONS VALUES('Ronald','ron.gif','Carpenter','M',28,'NSW')
COMMIT
INSERT INTO PERSONS VALUES('Ben','ben.png','School Teacher','M',36,'WA')
COMMIT
INSERT INTO PERSONS VALUES('Marie','','','F',34,'WA')
COMMIT
INSERT INTO PERSONS VALUES('Steve','st.jpg','','M',12,'WA')
COMMIT
INSERT INTO PERSONS VALUES('Sam','jsm.jpg','','F',44,'VIC')
COMMIT
INSERT INTO PERSONS VALUES('Anne','an.jpg','','F',37,'VIC')
COMMIT
INSERT INTO PERSONS VALUES('Marcus','','','M',2,'VIC')
COMMIT
DISCONNECT
/*C4*/SET SCHEMA PUBLIC
drop table persons if exists
create table persons (name varchar(100) not null, image varchar(100),status varchar(100),sex varchar(1), age integer, state varchar(3))
INSERT INTO PERSONS VALUES('Alice','alice.jpg','Accountant at RMIT','F',44,'VIC')
COMMIT
INSERT INTO PERSONS VALUES('James','jms.png','Lawyer','M',48,'VIC')
COMMIT
INSERT INTO PERSONS VALUES('Mike','mk.jpg','Student','M',10,'VIC')
COMMIT
INSERT INTO PERSONS VALUES('Ronald','ron.gif','Carpenter','M',28,'NSW')
COMMIT
INSERT INTO PERSONS VALUES('Ben','ben.png','School Teacher','M',36,'WA')
COMMIT
INSERT INTO PERSONS VALUES('Marie','','','F',34,'WA')
COMMIT
INSERT INTO PERSONS VALUES('Steve','st.jpg','','M',12,'WA')
COMMIT
INSERT INTO PERSONS VALUES('Sam','jsm.jpg','','F',44,'VIC')
COMMIT
INSERT INTO PERSONS VALUES('Anne','an.jpg','','F',37,'VIC')
COMMIT
INSERT INTO PERSONS VALUES('Marcus','','','M',2,'VIC')
COMMIT
DISCONNECT
/*C5*/SET SCHEMA PUBLIC
drop table persons if exists
create table persons (name varchar(100) not null, image varchar(100),status varchar(100),sex varchar(1), age integer, state varchar(3))
INSERT INTO PERSONS VALUES('Alice','alice.jpg','Accountant at RMIT','F',44,'VIC')
COMMIT
INSERT INTO PERSONS VALUES('James','jms.png','Lawyer','M',48,'VIC')
COMMIT
INSERT INTO PERSONS VALUES('Mike','mk.jpg','Student','M',10,'VIC')
COMMIT
INSERT INTO PERSONS VALUES('Ronald','ron.gif','Carpenter','M',28,'NSW')
COMMIT
INSERT INTO PERSONS VALUES('Ben','ben.png','School Teacher','M',36,'WA')
COMMIT
INSERT INTO PERSONS VALUES('Marie','','','F',34,'WA')
COMMIT
INSERT INTO PERSONS VALUES('Steve','st.jpg','','M',12,'WA')
COMMIT
INSERT INTO PERSONS VALUES('Sam','jsm.jpg','','F',44,'VIC')
COMMIT
INSERT INTO PERSONS VALUES('Anne','an.jpg','','F',37,'VIC')
COMMIT
INSERT INTO PERSONS VALUES('Marcus','','','M',2,'VIC')
COMMIT
DISCONNECT
/*C6*/SET SCHEMA PUBLIC
drop table persons if exists
create table persons (name varchar(100) not null, image varchar(100),status varchar(100),sex varchar(1), age integer, state varchar(3))
INSERT INTO PERSONS VALUES('Alice','alice.jpg','Accountant at RMIT','F',44,'VIC')
COMMIT
INSERT INTO PERSONS VALUES('James','jms.png','Lawyer','M',48,'VIC')
COMMIT
INSERT INTO PERSONS VALUES('Mike','mk.jpg','Student','M',10,'VIC')
COMMIT
INSERT INTO PERSONS VALUES('Ronald','ron.gif','Carpenter','M',28,'NSW')
COMMIT
INSERT INTO PERSONS VALUES('Ben','ben.png','School Teacher','M',36,'WA')
COMMIT
INSERT INTO PERSONS VALUES('Marie','','','F',34,'WA')
COMMIT
INSERT INTO PERSONS VALUES('Steve','st.jpg','','M',12,'WA')
COMMIT
INSERT INTO PERSONS VALUES('Sam','jsm.jpg','','F',44,'VIC')
COMMIT
INSERT INTO PERSONS VALUES('Anne','an.jpg','','F',37,'VIC')
COMMIT
INSERT INTO PERSONS VALUES('Marcus','','','M',2,'VIC')
COMMIT
DISCONNECT
/*C7*/SET SCHEMA PUBLIC
drop table persons if exists
create table persons (name varchar(100) not null, image varchar(100),status varchar(100),sex varchar(1), age integer, state varchar(3))
INSERT INTO PERSONS VALUES('Alice','alice.jpg','Accountant at RMIT','F',44,'VIC')
COMMIT
INSERT INTO PERSONS VALUES('James','jms.png','Lawyer','M',48,'VIC')
COMMIT
INSERT INTO PERSONS VALUES('Mike','mk.jpg','Student','M',10,'VIC')
COMMIT
INSERT INTO PERSONS VALUES('Ronald','ron.gif','Carpenter','M',28,'NSW')
COMMIT
INSERT INTO PERSONS VALUES('Ben','ben.png','School Teacher','M',36,'WA')
COMMIT
INSERT INTO PERSONS VALUES('Marie','','','F',34,'WA')
COMMIT
INSERT INTO PERSONS VALUES('Steve','st.jpg','','M',12,'WA')
COMMIT
INSERT INTO PERSONS VALUES('Sam','jsm.jpg','','F',44,'VIC')
COMMIT
INSERT INTO PERSONS VALUES('Anne','an.jpg','','F',37,'VIC')
COMMIT
INSERT INTO PERSONS VALUES('Marcus','','','M',2,'VIC')
COMMIT
DISCONNECT
/*C8*/SET SCHEMA PUBLIC
drop table persons if exists
create table persons (name varchar(100) not null, image varchar(100),status varchar(100),sex varchar(1), age integer, state varchar(3))
INSERT INTO PERSONS VALUES('Alice','alice.jpg','Accountant at RMIT','F',44,'VIC')
COMMIT
INSERT INTO PERSONS VALUES('James','jms.png','Lawyer','M',48,'VIC')
COMMIT
INSERT INTO PERSONS VALUES('Mike','mk.jpg','Student','M',10,'VIC')
COMMIT
INSERT INTO PERSONS VALUES('Ronald','ron.gif','Carpenter','M',28,'NSW')
COMMIT
INSERT INTO PERSONS VALUES('Ben','ben.png','School Teacher','M',36,'WA')
COMMIT
INSERT INTO PERSONS VALUES('Marie','','','F',34,'WA')
COMMIT
INSERT INTO PERSONS VALUES('Steve','st.jpg','','M',12,'WA')
COMMIT
INSERT INTO PERSONS VALUES('Sam','jsm.jpg','','F',44,'VIC')
COMMIT
INSERT INTO PERSONS VALUES('Anne','an.jpg','','F',37,'VIC')
COMMIT
INSERT INTO PERSONS VALUES('Marcus','','','M',2,'VIC')
COMMIT
DISCONNECT
/*C9*/SET SCHEMA PUBLIC
drop table persons if exists
create table persons (name varchar(100) not null, image varchar(100),status varchar(100),sex varchar(1), age integer, state varchar(3))
INSERT INTO PERSONS VALUES('Alice','alice.jpg','Accountant at RMIT','F',44,'VIC')
COMMIT
INSERT INTO PERSONS VALUES('James','jms.png','Lawyer','M',48,'VIC')
COMMIT
INSERT INTO PERSONS VALUES('Mike','mk.jpg','Student','M',10,'VIC')
COMMIT
INSERT INTO PERSONS VALUES('Ronald','ron.gif','Carpenter','M',28,'NSW')
COMMIT
INSERT INTO PERSONS VALUES('Ben','ben.png','School Teacher','M',36,'WA')
COMMIT
INSERT INTO PERSONS VALUES('Marie','','','F',34,'WA')
COMMIT
INSERT INTO PERSONS VALUES('Steve','st.jpg','','M',12,'WA')
COMMIT
INSERT INTO PERSONS VALUES('Sam','jsm.jpg','','F',44,'VIC')
COMMIT
INSERT INTO PERSONS VALUES('Anne','an.jpg','','F',37,'VIC')
COMMIT
INSERT INTO PERSONS VALUES('Marcus','','','M',2,'VIC')
COMMIT
DISCONNECT
/*C10*/SET SCHEMA PUBLIC
drop table persons if exists
create table persons (name varchar(100) not null, image varchar(100),status varchar(100),sex varchar(1), age integer, state varchar(3))
INSERT INTO PERSONS VALUES('Alice','alice.jpg','Accountant at RMIT','F',44,'VIC')
COMMIT
INSERT INTO PERSONS VALUES('James','jms.png','Lawyer','M',48,'VIC')
COMMIT
INSERT INTO PERSONS VALUES('Mike','mk.jpg','Student','M',10,'VIC')
COMMIT
INSERT INTO PERSONS VALUES('Ronald','ron.gif','Carpenter','M',28,'NSW')
COMMIT
INSERT INTO PERSONS VALUES('Ben','ben.png','School Teacher','M',36,'WA')
COMMIT
INSERT INTO PERSONS VALUES('Marie','','','F',34,'WA')
COMMIT
INSERT INTO PERSONS VALUES('Steve','st.jpg','','M',12,'WA')
COMMIT
INSERT INTO PERSONS VALUES('Sam','jsm.jpg','','F',44,'VIC')
COMMIT
INSERT INTO PERSONS VALUES('Anne','an.jpg','','F',37,'VIC')
COMMIT
INSERT INTO PERSONS VALUES('Marcus','','','M',2,'VIC')
COMMIT
DISCONNECT
/*C11*/SET SCHEMA PUBLIC
drop table persons if exists
create table persons (name varchar(100) not null, image varchar(100),status varchar(100),sex varchar(1), age integer, state varchar(3))
INSERT INTO PERSONS VALUES('Alice','alice.jpg','Accountant at RMIT','F',44,'VIC')
COMMIT
INSERT INTO PERSONS VALUES('James','jms.png','Lawyer','M',48,'VIC')
COMMIT
INSERT INTO PERSONS VALUES('Mike','mk.jpg','Student','M',10,'VIC')
COMMIT
INSERT INTO PERSONS VALUES('Ronald','ron.gif','Carpenter','M',28,'NSW')
COMMIT
INSERT INTO PERSONS VALUES('Ben','ben.png','School Teacher','M',36,'WA')
COMMIT
INSERT INTO PERSONS VALUES('Marie','','','F',34,'WA')
COMMIT
INSERT INTO PERSONS VALUES('Steve','st.jpg','','M',12,'WA')
COMMIT
INSERT INTO PERSONS VALUES('Sam','jsm.jpg','','F',44,'VIC')
COMMIT
INSERT INTO PERSONS VALUES('Anne','an.jpg','','F',37,'VIC')
COMMIT
INSERT INTO PERSONS VALUES('Marcus','','','M',2,'VIC')
COMMIT
DISCONNECT
/*C12*/SET SCHEMA PUBLIC
drop table persons if exists
create table persons (name varchar(100) not null, image varchar(100),status varchar(100),sex varchar(1), age integer, state varchar(3))
INSERT INTO PERSONS VALUES('Alice','alice.jpg','Accountant at RMIT','F',44,'VIC')
COMMIT
INSERT INTO PERSONS VALUES('James','jms.png','Lawyer','M',48,'VIC')
COMMIT
INSERT INTO PERSONS VALUES('Mike','mk.jpg','Student','M',10,'VIC')
COMMIT
INSERT INTO PERSONS VALUES('Ronald','ron.gif','Carpenter','M',28,'NSW')
COMMIT
INSERT INTO PERSONS VALUES('Ben','ben.png','School Teacher','M',36,'WA')
COMMIT
INSERT INTO PERSONS VALUES('Marie','','','F',34,'WA')
COMMIT
INSERT INTO PERSONS VALUES('Steve','st.jpg','','M',12,'WA')
COMMIT
INSERT INTO PERSONS VALUES('Sam','jsm.jpg','','F',44,'VIC')
COMMIT
INSERT INTO PERSONS VALUES('Anne','an.jpg','','F',37,'VIC')
COMMIT
INSERT INTO PERSONS VALUES('Marcus','','','M',2,'VIC')
COMMIT
DISCONNECT
/*C13*/SET SCHEMA PUBLIC
drop table persons if exists
create table persons (name varchar(100) not null, image varchar(100),status varchar(100),sex varchar(1), age integer, state varchar(3))
INSERT INTO PERSONS VALUES('Alice','alice.jpg','Accountant at RMIT','F',44,'VIC')
COMMIT
INSERT INTO PERSONS VALUES('James','jms.png','Lawyer','M',48,'VIC')
COMMIT
INSERT INTO PERSONS VALUES('Mike','mk.jpg','Student','M',10,'VIC')
COMMIT
INSERT INTO PERSONS VALUES('Ronald','ron.gif','Carpenter','M',28,'NSW')
COMMIT
INSERT INTO PERSONS VALUES('Ben','ben.png','School Teacher','M',36,'WA')
COMMIT
INSERT INTO PERSONS VALUES('Marie','','','F',34,'WA')
COMMIT
INSERT INTO PERSONS VALUES('Steve','st.jpg','','M',12,'WA')
COMMIT
INSERT INTO PERSONS VALUES('Sam','jsm.jpg','','F',44,'VIC')
COMMIT
INSERT INTO PERSONS VALUES('Anne','an.jpg','','F',37,'VIC')
COMMIT
INSERT INTO PERSONS VALUES('Marcus','','','M',2,'VIC')
COMMIT
DISCONNECT
/*C14*/SET SCHEMA PUBLIC
drop table persons if exists
create table persons (name varchar(100) not null, image varchar(100),status varchar(100),sex varchar(1), age integer, state varchar(3))
INSERT INTO PERSONS VALUES('Alice','alice.jpg','Accountant at RMIT','F',44,'VIC')
COMMIT
INSERT INTO PERSONS VALUES('James','jms.png','Lawyer','M',48,'VIC')
COMMIT
INSERT INTO PERSONS VALUES('Mike','mk.jpg','Student','M',10,'VIC')
COMMIT
INSERT INTO PERSONS VALUES('Ronald','ron.gif','Carpenter','M',28,'NSW')
COMMIT
INSERT INTO PERSONS VALUES('Ben','ben.png','School Teacher','M',36,'WA')
COMMIT
INSERT INTO PERSONS VALUES('Marie','','','F',34,'WA')
COMMIT
INSERT INTO PERSONS VALUES('Steve','st.jpg','','M',12,'WA')
COMMIT
INSERT INTO PERSONS VALUES('Sam','jsm.jpg','','F',44,'VIC')
COMMIT
INSERT INTO PERSONS VALUES('Anne','an.jpg','','F',37,'VIC')
COMMIT
INSERT INTO PERSONS VALUES('Marcus','','','M',2,'VIC')
COMMIT
DISCONNECT
/*C15*/SET SCHEMA PUBLIC
drop table persons if exists
create table persons (name varchar(100) not null, image varchar(100),status varchar(100),sex varchar(1), age integer, state varchar(3))
INSERT INTO PERSONS VALUES('Alice','alice.jpg','Accountant at RMIT','F',44,'VIC')
COMMIT
INSERT INTO PERSONS VALUES('James','jms.png','Lawyer','M',48,'VIC')
COMMIT
INSERT INTO PERSONS VALUES('Mike','mk.jpg','Student','M',10,'VIC')
COMMIT
INSERT INTO PERSONS VALUES('Ronald','ron.gif','Carpenter','M',28,'NSW')
COMMIT
INSERT INTO PERSONS VALUES('Ben','ben.png','School Teacher','M',36,'WA')
COMMIT
INSERT INTO PERSONS VALUES('Marie','','','F',34,'WA')
COMMIT
INSERT INTO PERSONS VALUES('Steve','st.jpg','','M',12,'WA')
COMMIT
INSERT INTO PERSONS VALUES('Sam','jsm.jpg','','F',44,'VIC')
COMMIT
INSERT INTO PERSONS VALUES('Anne','an.jpg','','F',37,'VIC')
COMMIT
INSERT INTO PERSONS VALUES('Marcus','','','M',2,'VIC')
COMMIT
DISCONNECT
/*C16*/SET SCHEMA PUBLIC
drop table persons if exists
create table persons (name varchar(100) not null, image varchar(100),status varchar(100),sex varchar(1), age integer, state varchar(3))
INSERT INTO PERSONS VALUES('Alice','alice.jpg','Accountant at RMIT','F',44,'VIC')
COMMIT
INSERT INTO PERSONS VALUES('James','jms.png','Lawyer','M',48,'VIC')
COMMIT
INSERT INTO PERSONS VALUES('Mike','mk.jpg','Student','M',10,'VIC')
COMMIT
INSERT INTO PERSONS VALUES('Ronald','ron.gif','Carpenter','M',28,'NSW')
COMMIT
INSERT INTO PERSONS VALUES('Ben','ben.png','School Teacher','M',36,'WA')
COMMIT
INSERT INTO PERSONS VALUES('Marie','','','F',34,'WA')
COMMIT
INSERT INTO PERSONS VALUES('Steve','st.jpg','','M',12,'WA')
COMMIT
INSERT INTO PERSONS VALUES('Sam','jsm.jpg','','F',44,'VIC')
COMMIT
INSERT INTO PERSONS VALUES('Anne','an.jpg','','F',37,'VIC')
COMMIT
INSERT INTO PERSONS VALUES('Marcus','','','M',2,'VIC')
COMMIT
DISCONNECT
/*C17*/SET SCHEMA PUBLIC
drop table persons if exists
create table persons (name varchar(100) not null, image varchar(100),status varchar(100),sex varchar(1), age integer, state varchar(3))
INSERT INTO PERSONS VALUES('Alice','alice.jpg','Accountant at RMIT','F',44,'VIC')
COMMIT
INSERT INTO PERSONS VALUES('James','jms.png','Lawyer','M',48,'VIC')
COMMIT
INSERT INTO PERSONS VALUES('Mike','mk.jpg','Student','M',10,'VIC')
COMMIT
INSERT INTO PERSONS VALUES('Ronald','ron.gif','Carpenter','M',28,'NSW')
COMMIT
INSERT INTO PERSONS VALUES('Ben','ben.png','School Teacher','M',36,'WA')
COMMIT
INSERT INTO PERSONS VALUES('Marie','','','F',34,'WA')
COMMIT
INSERT INTO PERSONS VALUES('Steve','st.jpg','','M',12,'WA')
COMMIT
INSERT INTO PERSONS VALUES('Sam','jsm.jpg','','F',44,'VIC')
COMMIT
INSERT INTO PERSONS VALUES('Anne','an.jpg','','F',37,'VIC')
COMMIT
INSERT INTO PERSONS VALUES('Marcus','','','M',2,'VIC')
COMMIT
DISCONNECT
/*C18*/SET SCHEMA PUBLIC
drop table persons if exists
create table persons (name varchar(100) not null, image varchar(100),status varchar(100),sex varchar(1), age integer, state varchar(3))
INSERT INTO PERSONS VALUES('Alice','alice.jpg','Accountant at RMIT','F',44,'VIC')
COMMIT
INSERT INTO PERSONS VALUES('James','jms.png','Lawyer','M',48,'VIC')
COMMIT
INSERT INTO PERSONS VALUES('Mike','mk.jpg','Student','M',10,'VIC')
COMMIT
INSERT INTO PERSONS VALUES('Ronald','ron.gif','Carpenter','M',28,'NSW')
COMMIT
INSERT INTO PERSONS VALUES('Ben','ben.png','School Teacher','M',36,'WA')
COMMIT
INSERT INTO PERSONS VALUES('Marie','','','F',34,'WA')
COMMIT
INSERT INTO PERSONS VALUES('Steve','st.jpg','','M',12,'WA')
COMMIT
INSERT INTO PERSONS VALUES('Sam','jsm.jpg','','F',44,'VIC')
COMMIT
INSERT INTO PERSONS VALUES('Anne','an.jpg','','F',37,'VIC')
COMMIT
INSERT INTO PERSONS VALUES('Marcus','','','M',2,'VIC')
COMMIT
DISCONNECT
/*C19*/SET SCHEMA PUBLIC
drop table persons if exists
create table persons (name varchar(100) not null, image varchar(100),status varchar(100),sex varchar(1), age integer, state varchar(3))
INSERT INTO PERSONS VALUES('Alice','alice.jpg','Accountant at RMIT','F',44,'VIC')
COMMIT
INSERT INTO PERSONS VALUES('James','jms.png','Lawyer','M',48,'VIC')
COMMIT
INSERT INTO PERSONS VALUES('Mike','mk.jpg','Student','M',10,'VIC')
COMMIT
INSERT INTO PERSONS VALUES('Ronald','ron.gif','Carpenter','M',28,'NSW')
COMMIT
INSERT INTO PERSONS VALUES('Ben','ben.png','School Teacher','M',36,'WA')
COMMIT
INSERT INTO PERSONS VALUES('Marie','','','F',34,'WA')
COMMIT
INSERT INTO PERSONS VALUES('Steve','st.jpg','','M',12,'WA')
COMMIT
INSERT INTO PERSONS VALUES('Sam','jsm.jpg','','F',44,'VIC')
COMMIT
INSERT INTO PERSONS VALUES('Anne','an.jpg','','F',37,'VIC')
COMMIT
INSERT INTO PERSONS VALUES('Marcus','','','M',2,'VIC')
COMMIT
DISCONNECT
/*C20*/SET SCHEMA PUBLIC
drop table persons if exists
create table persons (name varchar(100) not null, image varchar(100),status varchar(100),sex varchar(1), age integer, state varchar(3))
INSERT INTO PERSONS VALUES('Alice','alice.jpg','Accountant at RMIT','F',44,'VIC')
COMMIT
INSERT INTO PERSONS VALUES('James','jms.png','Lawyer','M',48,'VIC')
COMMIT
INSERT INTO PERSONS VALUES('Mike','mk.jpg','Student','M',10,'VIC')
COMMIT
INSERT INTO PERSONS VALUES('Ronald','ron.gif','Carpenter','M',28,'NSW')
COMMIT
INSERT INTO PERSONS VALUES('Ben','ben.png','School Teacher','M',36,'WA')
COMMIT
INSERT INTO PERSONS VALUES('Marie','','','F',34,'WA')
COMMIT
INSERT INTO PERSONS VALUES('Steve','st.jpg','','M',12,'WA')
COMMIT
INSERT INTO PERSONS VALUES('Sam','jsm.jpg','','F',44,'VIC')
COMMIT
INSERT INTO PERSONS VALUES('Anne','an.jpg','','F',37,'VIC')
COMMIT
INSERT INTO PERSONS VALUES('Marcus','','','M',2,'VIC')
COMMIT
DISCONNECT
/*C21*/SET SCHEMA PUBLIC
drop table persons if exists
create table persons (name varchar(100) not null, image varchar(100),status varchar(100),sex varchar(1), age integer, state varchar(3))
INSERT INTO PERSONS VALUES('Alice','alice.jpg','Accountant at RMIT','F',44,'VIC')
COMMIT
INSERT INTO PERSONS VALUES('James','jms.png','Lawyer','M',48,'VIC')
COMMIT
INSERT INTO PERSONS VALUES('Mike','mk.jpg','Student','M',10,'VIC')
COMMIT
INSERT INTO PERSONS VALUES('Ronald','ron.gif','Carpenter','M',28,'NSW')
COMMIT
INSERT INTO PERSONS VALUES('Ben','ben.png','School Teacher','M',36,'WA')
COMMIT
INSERT INTO PERSONS VALUES('Marie','','','F',34,'WA')
COMMIT
INSERT INTO PERSONS VALUES('Steve','st.jpg','','M',12,'WA')
COMMIT
INSERT INTO PERSONS VALUES('Sam','jsm.jpg','','F',44,'VIC')
COMMIT
INSERT INTO PERSONS VALUES('Anne','an.jpg','','F',37,'VIC')
COMMIT
INSERT INTO PERSONS VALUES('Marcus','','','M',2,'VIC')
COMMIT
DISCONNECT
/*C22*/SET SCHEMA PUBLIC
drop table persons if exists
create table persons (name varchar(100) not null, image varchar(100),status varchar(100),sex varchar(1), age integer, state varchar(3))
INSERT INTO PERSONS VALUES('Alice','alice.jpg','Accountant at RMIT','F',44,'VIC')
COMMIT
INSERT INTO PERSONS VALUES('James','jms.png','Lawyer','M',48,'VIC')
COMMIT
INSERT INTO PERSONS VALUES('Mike','mk.jpg','Student','M',10,'VIC')
COMMIT
INSERT INTO PERSONS VALUES('Ronald','ron.gif','Carpenter','M',28,'NSW')
COMMIT
INSERT INTO PERSONS VALUES('Ben','ben.png','School Teacher','M',36,'WA')
COMMIT
INSERT INTO PERSONS VALUES('Marie','','','F',34,'WA')
COMMIT
INSERT INTO PERSONS VALUES('Steve','st.jpg','','M',12,'WA')
COMMIT
INSERT INTO PERSONS VALUES('Sam','jsm.jpg','','F',44,'VIC')
COMMIT
INSERT INTO PERSONS VALUES('Anne','an.jpg','','F',37,'VIC')
COMMIT
INSERT INTO PERSONS VALUES('Marcus','','','M',2,'VIC')
COMMIT
DISCONNECT
/*C23*/SET SCHEMA PUBLIC
drop table persons if exists
create table persons (name varchar(100) not null, image varchar(100),status varchar(100),sex varchar(1), age integer, state varchar(3))
INSERT INTO PERSONS VALUES('Alice','alice.jpg','Accountant at RMIT','F',44,'VIC')
COMMIT
INSERT INTO PERSONS VALUES('James','jms.png','Lawyer','M',48,'VIC')
COMMIT
INSERT INTO PERSONS VALUES('Mike','mk.jpg','Student','M',10,'VIC')
COMMIT
INSERT INTO PERSONS VALUES('Ronald','ron.gif','Carpenter','M',28,'NSW')
COMMIT
INSERT INTO PERSONS VALUES('Ben','ben.png','School Teacher','M',36,'WA')
COMMIT
INSERT INTO PERSONS VALUES('Marie','','','F',34,'WA')
COMMIT
INSERT INTO PERSONS VALUES('Steve','st.jpg','','M',12,'WA')
COMMIT
INSERT INTO PERSONS VALUES('Sam','jsm.jpg','','F',44,'VIC')
COMMIT
INSERT INTO PERSONS VALUES('Anne','an.jpg','','F',37,'VIC')
COMMIT
INSERT INTO PERSONS VALUES('Marcus','','','M',2,'VIC')
COMMIT
DISCONNECT
/*C24*/SET SCHEMA PUBLIC
drop table persons if exists
create table persons (name varchar(100) not null, image varchar(100),status varchar(100),sex varchar(1), age integer, state varchar(3))
INSERT INTO PERSONS VALUES('Alice','alice.jpg','Accountant at RMIT','F',44,'VIC')
COMMIT
INSERT INTO PERSONS VALUES('James','jms.png','Lawyer','M',48,'VIC')
COMMIT
INSERT INTO PERSONS VALUES('Mike','mk.jpg','Student','M',10,'VIC')
COMMIT
INSERT INTO PERSONS VALUES('Ronald','ron.gif','Carpenter','M',28,'NSW')
COMMIT
INSERT INTO PERSONS VALUES('Ben','ben.png','School Teacher','M',36,'WA')
COMMIT
INSERT INTO PERSONS VALUES('Marie','','','F',34,'WA')
COMMIT
INSERT INTO PERSONS VALUES('Steve','st.jpg','','M',12,'WA')
COMMIT
INSERT INTO PERSONS VALUES('Sam','jsm.jpg','','F',44,'VIC')
COMMIT
INSERT INTO PERSONS VALUES('Anne','an.jpg','','F',37,'VIC')
COMMIT
INSERT INTO PERSONS VALUES('Marcus','','','M',2,'VIC')
COMMIT
DISCONNECT
/*C25*/SET SCHEMA PUBLIC
drop table persons if exists
create table persons (name varchar(100) not null, image varchar(100),status varchar(100),sex varchar(1), age integer, state varchar(3))
INSERT INTO PERSONS VALUES('Alice','alice.jpg','Accountant at RMIT','F',44,'VIC')
COMMIT
INSERT INTO PERSONS VALUES('James','jms.png','Lawyer','M',48,'VIC')
COMMIT
INSERT INTO PERSONS VALUES('Mike','mk.jpg','Student','M',10,'VIC')
COMMIT
INSERT INTO PERSONS VALUES('Ronald','ron.gif','Carpenter','M',28,'NSW')
COMMIT
INSERT INTO PERSONS VALUES('Ben','ben.png','School Teacher','M',36,'WA')
COMMIT
INSERT INTO PERSONS VALUES('Marie','','','F',34,'WA')
COMMIT
INSERT INTO PERSONS VALUES('Steve','st.jpg','','M',12,'WA')
COMMIT
INSERT INTO PERSONS VALUES('Sam','jsm.jpg','','F',44,'VIC')
COMMIT
INSERT INTO PERSONS VALUES('Anne','an.jpg','','F',37,'VIC')
COMMIT
INSERT INTO PERSONS VALUES('Marcus','','','M',2,'VIC')
COMMIT
DISCONNECT
/*C26*/SET SCHEMA PUBLIC
drop table persons if exists
create table persons (name varchar(100) not null, image varchar(100),status varchar(100),sex varchar(1), age integer, state varchar(3))
INSERT INTO PERSONS VALUES('Alice','alice.jpg','Accountant at RMIT','F',44,'VIC')
COMMIT
INSERT INTO PERSONS VALUES('James','jms.png','Lawyer','M',48,'VIC')
COMMIT
INSERT INTO PERSONS VALUES('Mike','mk.jpg','Student','M',10,'VIC')
COMMIT
INSERT INTO PERSONS VALUES('Ronald','ron.gif','Carpenter','M',28,'NSW')
COMMIT
INSERT INTO PERSONS VALUES('Ben','ben.png','School Teacher','M',36,'WA')
COMMIT
INSERT INTO PERSONS VALUES('Marie','','','F',34,'WA')
COMMIT
INSERT INTO PERSONS VALUES('Steve','st.jpg','','M',12,'WA')
COMMIT
INSERT INTO PERSONS VALUES('Sam','jsm.jpg','','F',44,'VIC')
COMMIT
INSERT INTO PERSONS VALUES('Anne','an.jpg','','F',37,'VIC')
COMMIT
INSERT INTO PERSONS VALUES('Marcus','','','M',2,'VIC')
COMMIT
DISCONNECT
/*C27*/SET SCHEMA PUBLIC
drop table persons if exists
create table persons (name varchar(100) not null, image varchar(100),status varchar(100),sex varchar(1), age integer, state varchar(3))
INSERT INTO PERSONS VALUES('Alice','alice.jpg','Accountant at RMIT','F',44,'VIC')
COMMIT
INSERT INTO PERSONS VALUES('James','jms.png','Lawyer','M',48,'VIC')
COMMIT
INSERT INTO PERSONS VALUES('Mike','mk.jpg','Student','M',10,'VIC')
COMMIT
INSERT INTO PERSONS VALUES('Ronald','ron.gif','Carpenter','M',28,'NSW')
COMMIT
INSERT INTO PERSONS VALUES('Ben','ben.png','School Teacher','M',36,'WA')
COMMIT
INSERT INTO PERSONS VALUES('Marie','','','F',34,'WA')
COMMIT
INSERT INTO PERSONS VALUES('Steve','st.jpg','','M',12,'WA')
COMMIT
INSERT INTO PERSONS VALUES('Sam','jsm.jpg','','F',44,'VIC')
COMMIT
INSERT INTO PERSONS VALUES('Anne','an.jpg','','F',37,'VIC')
COMMIT
INSERT INTO PERSONS VALUES('Marcus','','','M',2,'VIC')
COMMIT
DISCONNECT
/*C28*/SET SCHEMA PUBLIC
drop table persons if exists
create table persons (name varchar(100) not null, image varchar(100),status varchar(100),sex varchar(1), age integer, state varchar(3))
INSERT INTO PERSONS VALUES('Alice','alice.jpg','Accountant at RMIT','F',44,'VIC')
COMMIT
INSERT INTO PERSONS VALUES('James','jms.png','Lawyer','M',48,'VIC')
COMMIT
INSERT INTO PERSONS VALUES('Mike','mk.jpg','Student','M',10,'VIC')
COMMIT
INSERT INTO PERSONS VALUES('Ronald','ron.gif','Carpenter','M',28,'NSW')
COMMIT
INSERT INTO PERSONS VALUES('Ben','ben.png','School Teacher','M',36,'WA')
COMMIT
INSERT INTO PERSONS VALUES('Marie','','','F',34,'WA')
COMMIT
INSERT INTO PERSONS VALUES('Steve','st.jpg','','M',12,'WA')
COMMIT
INSERT INTO PERSONS VALUES('Sam','jsm.jpg','','F',44,'VIC')
COMMIT
INSERT INTO PERSONS VALUES('Anne','an.jpg','','F',37,'VIC')
COMMIT
INSERT INTO PERSONS VALUES('Marcus','','','M',2,'VIC')
COMMIT
DISCONNECT
/*C29*/SET SCHEMA PUBLIC
drop table persons if exists
create table persons (name varchar(100) not null, image varchar(100),status varchar(100),sex varchar(1), age integer, state varchar(3))
INSERT INTO PERSONS VALUES('Alice','alice.jpg','Accountant at RMIT','F',44,'VIC')
COMMIT
INSERT INTO PERSONS VALUES('James','jms.png','Lawyer','M',48,'VIC')
COMMIT
INSERT INTO PERSONS VALUES('Mike','mk.jpg','Student','M',10,'VIC')
COMMIT
INSERT INTO PERSONS VALUES('Ronald','ron.gif','Carpenter','M',28,'NSW')
COMMIT
INSERT INTO PERSONS VALUES('Ben','ben.png','School Teacher','M',36,'WA')
COMMIT
INSERT INTO PERSONS VALUES('Marie','','','F',34,'WA')
COMMIT
INSERT INTO PERSONS VALUES('Steve','st.jpg','','M',12,'WA')
COMMIT
INSERT INTO PERSONS VALUES('Sam','jsm.jpg','','F',44,'VIC')
COMMIT
INSERT INTO PERSONS VALUES('Anne','an.jpg','','F',37,'VIC')
COMMIT
INSERT INTO PERSONS VALUES('Marcus','','','M',2,'VIC')
COMMIT
DISCONNECT
/*C30*/SET SCHEMA PUBLIC
drop table persons if exists
create table persons (name varchar(100) not null, image varchar(100),status varchar(100),sex varchar(1), age integer, state varchar(3))
INSERT INTO PERSONS VALUES('Alice','alice.jpg','Accountant at RMIT','F',44,'VIC')
COMMIT
INSERT INTO PERSONS VALUES('James','jms.png','Lawyer','M',48,'VIC')
COMMIT
INSERT INTO PERSONS VALUES('Mike','mk.jpg','Student','M',10,'VIC')
COMMIT
INSERT INTO PERSONS VALUES('Ronald','ron.gif','Carpenter','M',28,'NSW')
COMMIT
INSERT INTO PERSONS VALUES('Ben','ben.png','School Teacher','M',36,'WA')
COMMIT
INSERT INTO PERSONS VALUES('Marie','','','F',34,'WA')
COMMIT
INSERT INTO PERSONS VALUES('Steve','st.jpg','','M',12,'WA')
COMMIT
INSERT INTO PERSONS VALUES('Sam','jsm.jpg','','F',44,'VIC')
COMMIT
INSERT INTO PERSONS VALUES('Anne','an.jpg','','F',37,'VIC')
COMMIT
INSERT INTO PERSONS VALUES('Marcus','','','M',2,'VIC')
COMMIT
DISCONNECT
/*C31*/SET SCHEMA PUBLIC
drop table persons if exists
create table persons (name varchar(100) not null, image varchar(100),status varchar(100),sex varchar(1), age integer, state varchar(3))
INSERT INTO PERSONS VALUES('Alice','alice.jpg','Accountant at RMIT','F',44,'VIC')
COMMIT
INSERT INTO PERSONS VALUES('James','jms.png','Lawyer','M',48,'VIC')
COMMIT
INSERT INTO PERSONS VALUES('Mike','mk.jpg','Student','M',10,'VIC')
COMMIT
INSERT INTO PERSONS VALUES('Ronald','ron.gif','Carpenter','M',28,'NSW')
COMMIT
INSERT INTO PERSONS VALUES('Ben','ben.png','School Teacher','M',36,'WA')
COMMIT
INSERT INTO PERSONS VALUES('Marie','','','F',34,'WA')
COMMIT
INSERT INTO PERSONS VALUES('Steve','st.jpg','','M',12,'WA')
COMMIT
INSERT INTO PERSONS VALUES('Sam','jsm.jpg','','F',44,'VIC')
COMMIT
INSERT INTO PERSONS VALUES('Anne','an.jpg','','F',37,'VIC')
COMMIT
INSERT INTO PERSONS VALUES('Marcus','','','M',2,'VIC')
COMMIT
DISCONNECT
